<?xml version="1.0" encoding="UTF-8" ?>
<testsuite errors="1" failures="0" hostname="64-180711" name="mhs.test.AllTests" tests="1" time="0.0" timestamp="2012-11-12T14:28:45">
  <properties>
[...]
</properties>
  <testcase classname="mhs.test.AllTests" name="unknown" time="0.01">
    <error message="Forked Java VM exited abnormally. Please note the time in the report does not reflect the time until the VM exit." type="junit.framework.AssertionFailedError">junit.framework.AssertionFailedError: Forked Java VM exited abnormally. Please note the time in the report does not reflect the time until the VM exit.
	at org.eclipse.ant.internal.launching.remote.EclipseDefaultExecutor.executeTargets(EclipseDefaultExecutor.java:32)
	at org.eclipse.ant.internal.launching.remote.InternalAntRunner.run(InternalAntRunner.java:424)
	at org.eclipse.ant.internal.launching.remote.InternalAntRunner.main(InternalAntRunner.java:138)
</error>
  </testcase>
</testsuite>
